<?xml version="1.0" encoding="UTF-8"?>
<!-- Generated by org.testng.reporters.JUnitReportReporter -->
<testsuite hostname="janibasha" failures="0" tests="2" name="com.mystoreapp.testcases.IndexPageTestCase" time="12.355" errors="0" timestamp="2025-01-04T01:21:45 IST" skipped="0">
  <testcase classname="com.mystoreapp.testcases.IndexPageTestCase" name="verifyLogo" time="6.694"/>
  <system-out/>
  <testcase classname="com.mystoreapp.testcases.IndexPageTestCase" name="verifyTitle" time="5.661"/>
  <system-out/>
</testsuite> <!-- com.mystoreapp.testcases.IndexPageTestCase -->
