<?xml version="1.0" encoding="UTF-8"?>
<!-- Generated by org.testng.reporters.JUnitReportReporter -->
<testsuite hostname="janibasha" failures="0" tests="3" name="TestNG.Test6_InvocationCount" time="0.038" errors="0" timestamp="2025-02-03T17:55:06 IST" skipped="0">
  <testcase classname="TestNG.Test6_InvocationCount" name="multipleTimesRun" time="0.025"/>
  <system-out/>
  <testcase classname="TestNG.Test6_InvocationCount" name="multipleTimesRun" time="0.005"/>
  <system-out/>
  <testcase classname="TestNG.Test6_InvocationCount" name="multipleTimesRun" time="0.008"/>
  <system-out/>
</testsuite> <!-- TestNG.Test6_InvocationCount -->
