<?xml version="1.0" encoding="UTF-8"?>
<!-- Generated by org.testng.reporters.JUnitReportReporter -->
<testsuite hostname="janibasha" failures="0" tests="3" name="TestNG.Test5_MultipleGroupsXMLfile" time="0.029" errors="0" timestamp="2025-02-04T15:20:58 IST" skipped="0">
  <testcase classname="TestNG.Test5_MultipleGroupsXMLfile" name="testMethod1" time="0.022"/>
  <system-out/>
  <testcase classname="TestNG.Test5_MultipleGroupsXMLfile" name="testMethod2" time="0.004"/>
  <system-out/>
  <testcase classname="TestNG.Test5_MultipleGroupsXMLfile" name="testMethod3" time="0.003"/>
  <system-out/>
</testsuite> <!-- TestNG.Test5_MultipleGroupsXMLfile -->
