<?xml version="1.0" encoding="UTF-8"?>
<!-- Generated by org.testng.reporters.JUnitReportReporter -->
<testsuite hostname="janibasha" failures="0" tests="2" name="com.jani.Selenium.DemoAnnotations2" time="0.017" errors="0" timestamp="2025-01-30T17:15:45 IST" skipped="0">
  <testcase classname="com.jani.Selenium.DemoAnnotations2" name="logout" time="0.002"/>
  <system-out/>
  <testcase classname="com.jani.Selenium.DemoAnnotations2" name="login" time="0.015"/>
  <system-out/>
</testsuite> <!-- com.jani.Selenium.DemoAnnotations2 -->
