<?xml version="1.0" encoding="UTF-8"?>
<!-- Generated by org.testng.reporters.JUnitReportReporter -->
<testsuite hostname="janibasha" failures="0" tests="2" name="TestNG.T4_PriorityGroups" time="0.016" errors="0" timestamp="2025-02-04T15:44:00 IST" skipped="0">
  <testcase classname="TestNG.T4_PriorityGroups" name="test1" time="0.011"/>
  <system-out/>
  <testcase classname="TestNG.T4_PriorityGroups" name="test2" time="0.005"/>
  <system-out/>
</testsuite> <!-- TestNG.T4_PriorityGroups -->
