<?xml version="1.0" encoding="UTF-8"?>
<!-- Generated by org.testng.reporters.JUnitReportReporter -->
<testsuite hostname="janibasha" failures="0" tests="4" name="com.jani.Selenium.testNgAnnotations" time="0.042" errors="0" timestamp="2025-01-03T00:52:56 IST" skipped="0">
  <testcase classname="com.jani.Selenium.testNgAnnotations" name="m1" time="0.014"/>
  <system-out/>
  <testcase classname="com.jani.Selenium.testNgAnnotations" name="m2" time="0.006"/>
  <system-out/>
  <testcase classname="com.jani.Selenium.testNgAnnotations" name="logout" time="0.005"/>
  <system-out/>
  <testcase classname="com.jani.Selenium.testNgAnnotations" name="login" time="0.017"/>
  <system-out/>
</testsuite> <!-- com.jani.Selenium.testNgAnnotations -->
