<?xml version="1.0" encoding="UTF-8"?>
<!-- Generated by org.testng.reporters.JUnitReportReporter -->
<testsuite hostname="janibasha" failures="0" tests="2" name="TestNGParrellelTesting.ClassA" time="0.042" errors="0" timestamp="2025-02-03T16:19:36 IST" skipped="0">
  <testcase classname="TestNGParrellelTesting.ClassA" name="testA2" time="0.021"/>
  <system-out/>
  <testcase classname="TestNGParrellelTesting.ClassA" name="testA1" time="0.021"/>
  <system-out/>
</testsuite> <!-- TestNGParrellelTesting.ClassA -->
