<?xml version="1.0" encoding="UTF-8"?>
<!-- Generated by org.testng.reporters.JUnitReportReporter -->
<testsuite hostname="janibasha" failures="0" tests="4" name="com.jani.Selenium.testNgAnnotations" time="0.021" errors="0" timestamp="2025-01-04T17:11:11 IST" skipped="0">
  <testcase classname="com.jani.Selenium.testNgAnnotations" name="logout" time="0.003"/>
  <system-out/>
  <testcase classname="com.jani.Selenium.testNgAnnotations" name="m2" time="0.003"/>
  <system-out/>
  <testcase classname="com.jani.Selenium.testNgAnnotations" name="login" time="0.011"/>
  <system-out/>
  <testcase classname="com.jani.Selenium.testNgAnnotations" name="m1" time="0.004"/>
  <system-out/>
</testsuite> <!-- com.jani.Selenium.testNgAnnotations -->
