<?xml version="1.0" encoding="UTF-8"?>
<!-- Generated by org.testng.reporters.JUnitReportReporter -->
<testsuite hostname="janibasha" failures="0" tests="1" name="com.jani.Selenium.TestCaseSignClick" time="0.017" errors="0" timestamp="2025-01-04T02:18:01 IST" skipped="0">
  <testcase classname="com.jani.Selenium.TestCaseSignClick" name="checksignclick" time="0.017"/>
  <system-out/>
</testsuite> <!-- com.jani.Selenium.TestCaseSignClick -->
