<?xml version="1.0" encoding="UTF-8"?>
<!-- Generated by org.testng.reporters.JUnitReportReporter -->
<testsuite hostname="janibasha" failures="0" tests="4" name="com.jani.Selenium.AnnotationsDemo2" time="0.025" errors="0" timestamp="2025-01-09T15:46:00 IST" skipped="0">
  <testcase classname="com.jani.Selenium.AnnotationsDemo2" name="B" time="0.016"/>
  <system-out/>
  <testcase classname="com.jani.Selenium.AnnotationsDemo2" name="D" time="0.004"/>
  <system-out/>
  <testcase classname="com.jani.Selenium.AnnotationsDemo2" name="C" time="0.002"/>
  <system-out/>
  <testcase classname="com.jani.Selenium.AnnotationsDemo2" name="A" time="0.003"/>
  <system-out/>
</testsuite> <!-- com.jani.Selenium.AnnotationsDemo2 -->
