<?xml version="1.0" encoding="UTF-8"?>
<!-- Generated by org.testng.reporters.JUnitReportReporter -->
<testsuite hostname="janibasha" failures="0" tests="1" name="TestNG.T10_Parameter" time="0.019" errors="0" timestamp="2025-02-05T04:37:57 IST" skipped="0">
  <testcase classname="TestNG.T10_Parameter" name="test" time="0.019"/>
  <system-out/>
</testsuite> <!-- TestNG.T10_Parameter -->
