<?xml version="1.0" encoding="UTF-8"?>
<!-- Generated by org.testng.reporters.JUnitReportReporter -->
<testsuite hostname="janibasha" failures="0" tests="3" name="TestNG.Test8_dataProviderDemo" time="0.032" errors="0" timestamp="2025-02-04T16:42:38 IST" skipped="0">
  <testcase classname="TestNG.Test8_dataProviderDemo" name="test1" time="0.020"/>
  <system-out/>
  <testcase classname="TestNG.Test8_dataProviderDemo" name="test1" time="0.009"/>
  <system-out/>
  <testcase classname="TestNG.Test8_dataProviderDemo" name="test1" time="0.003"/>
  <system-out/>
</testsuite> <!-- TestNG.Test8_dataProviderDemo -->
