<?xml version="1.0" encoding="UTF-8"?>
<!-- Generated by org.testng.reporters.JUnitReportReporter -->
<testsuite hostname="janibasha" failures="0" tests="2" name="TestNGParrellelTesting.ClassB" time="0.008" errors="0" timestamp="2025-02-03T16:19:36 IST" skipped="0">
  <testcase classname="TestNGParrellelTesting.ClassB" name="testB1" time="0.002"/>
  <system-out/>
  <testcase classname="TestNGParrellelTesting.ClassB" name="testB2" time="0.006"/>
  <system-out/>
</testsuite> <!-- TestNGParrellelTesting.ClassB -->
