<?xml version="1.0" encoding="UTF-8"?>
<!-- Generated by org.testng.reporters.JUnitReportReporter -->
<testsuite hostname="janibasha" failures="0" tests="4" name="TestNG.T3_ptesting" time="12.733" errors="0" timestamp="2025-01-31T16:24:35 IST" skipped="0">
  <testcase classname="TestNG.T3_ptesting" name="test2" time="2.647"/>
  <system-out/>
  <testcase classname="TestNG.T3_ptesting" name="test1" time="4.197"/>
  <system-out/>
  <testcase classname="TestNG.T3_ptesting" name="test3" time="2.118"/>
  <system-out/>
  <testcase classname="TestNG.T3_ptesting" name="test4" time="3.771"/>
  <system-out/>
</testsuite> <!-- TestNG.T3_ptesting -->
