<?xml version="1.0" encoding="UTF-8"?>
<!-- Generated by org.testng.reporters.JUnitReportReporter -->
<testsuite hostname="janibasha" failures="0" tests="1" name="com.mystoreapp.testcases.LoginPageTest" time="8.745" errors="0" timestamp="2025-01-02T15:26:56 IST" skipped="0">
  <testcase classname="com.mystoreapp.testcases.LoginPageTest" name="loginTest" time="8.745"/>
  <system-out/>
</testsuite> <!-- com.mystoreapp.testcases.LoginPageTest -->
